[debug] [2023-02-20T10:49:42.904Z] ----------------------------------------------------------------------
[debug] [2023-02-20T10:49:42.913Z] Command:       C:\Program Files\nodejs\node.exe C:\Users\ADMIN\AppData\Local\Yarn\Data\global\node_modules\firebase-tools\lib\bin\firebase.js emulators:start
[debug] [2023-02-20T10:49:42.915Z] CLI Version:   11.23.1
[debug] [2023-02-20T10:49:42.918Z] Platform:      win32
[debug] [2023-02-20T10:49:42.920Z] Node Version:  v16.13.2
[debug] [2023-02-20T10:49:42.926Z] Time:          Mon Feb 20 2023 17:49:42 GMT+0700 (Indochina Time)
[debug] [2023-02-20T10:49:42.926Z] ----------------------------------------------------------------------
[debug] 
[debug] [2023-02-20T10:49:43.341Z] > command requires scopes: ["email","openid","https://www.googleapis.com/auth/cloudplatformprojects.readonly","https://www.googleapis.com/auth/firebase","https://www.googleapis.com/auth/cloud-platform"]
[debug] [2023-02-20T10:49:43.343Z] > authorizing via signed-in user (hgqbinh2002@gmail.com)
[debug] [2023-02-20T10:49:44.259Z] java version "19.0.2" 2023-01-17

[debug] [2023-02-20T10:49:44.265Z] Java(TM) SE Runtime Environment (build 19.0.2+7-44)
Java HotSpot(TM) 64-Bit Server VM (build 19.0.2+7-44, mixed mode, sharing)

[debug] [2023-02-20T10:49:44.365Z] Parsed Java major version: 19
[info] i  emulators: Starting emulators: auth, firestore, storage {"metadata":{"emulator":{"name":"hub"},"message":"Starting emulators: auth, firestore, storage"}}
[debug] [2023-02-20T10:49:44.471Z] [logging] Logging Emulator only supports listening on one address (127.0.0.1). Not listening on ::1
[debug] [2023-02-20T10:49:44.472Z] [auth] Authentication Emulator only supports listening on one address (127.0.0.1). Not listening on ::1
[debug] [2023-02-20T10:49:44.473Z] [firestore] Firestore Emulator only supports listening on one address (127.0.0.1). Not listening on ::1
[debug] [2023-02-20T10:49:44.473Z] [firestore.websocket] websocket server for firestore only supports listening on one address (127.0.0.1). Not listening on ::1
[debug] [2023-02-20T10:49:44.474Z] [storage] Storage Emulator only supports listening on one address (127.0.0.1). Not listening on ::1
[debug] [2023-02-20T10:49:44.482Z] assigned listening specs for emulators {"user":{"hub":[{"address":"127.0.0.1","family":"IPv4","port":4400},{"address":"::1","family":"IPv6","port":4400}],"ui":[{"address":"127.0.0.1","family":"IPv4","port":4000},{"address":"::1","family":"IPv6","port":4000}],"logging":[{"address":"127.0.0.1","family":"IPv4","port":4500}],"auth":[{"address":"127.0.0.1","family":"IPv4","port":9099}],"firestore":[{"address":"127.0.0.1","family":"IPv4","port":8080}],"firestore.websocket":[{"address":"127.0.0.1","family":"IPv4","port":9150}],"storage":[{"address":"127.0.0.1","family":"IPv4","port":9199}]},"metadata":{"message":"assigned listening specs for emulators"}}
[debug] [2023-02-20T10:49:44.573Z] [hub] writing locator at C:\Users\ADMIN\AppData\Local\Temp\hub-chat-app-97f7e.json
[debug] [2023-02-20T10:49:44.636Z] Ignoring unsupported arg: auto_download {"metadata":{"emulator":{"name":"firestore"},"message":"Ignoring unsupported arg: auto_download"}}
[debug] [2023-02-20T10:49:44.638Z] Ignoring unsupported arg: single_project_mode_error {"metadata":{"emulator":{"name":"firestore"},"message":"Ignoring unsupported arg: single_project_mode_error"}}
[debug] [2023-02-20T10:49:44.639Z] Starting Firestore Emulator with command {"binary":"java","args":["-Dgoogle.cloud_firestore.debug_log_level=FINE","-Duser.language=en","-jar","C:\\Users\\ADMIN\\.cache\\firebase\\emulators\\cloud-firestore-emulator-v1.16.0.jar","--host","127.0.0.1","--port",8080,"--websocket_port",9150,"--project_id","chat-app-97f7e","--rules","C:\\cua-Binh\\webpages\\chat-app\\firestore.rules","--single_project_mode",true],"optionalArgs":["port","webchannel_port","host","rules","websocket_port","functions_emulator","seed_from_export","project_id","single_project_mode"],"joinArgs":false} {"metadata":{"emulator":{"name":"firestore"},"message":"Starting Firestore Emulator with command {\"binary\":\"java\",\"args\":[\"-Dgoogle.cloud_firestore.debug_log_level=FINE\",\"-Duser.language=en\",\"-jar\",\"C:\\\\Users\\\\ADMIN\\\\.cache\\\\firebase\\\\emulators\\\\cloud-firestore-emulator-v1.16.0.jar\",\"--host\",\"127.0.0.1\",\"--port\",8080,\"--websocket_port\",9150,\"--project_id\",\"chat-app-97f7e\",\"--rules\",\"C:\\\\cua-Binh\\\\webpages\\\\chat-app\\\\firestore.rules\",\"--single_project_mode\",true],\"optionalArgs\":[\"port\",\"webchannel_port\",\"host\",\"rules\",\"websocket_port\",\"functions_emulator\",\"seed_from_export\",\"project_id\",\"single_project_mode\"],\"joinArgs\":false}"}}
[info] i  firestore: Firestore Emulator logging to firestore-debug.log {"metadata":{"emulator":{"name":"firestore"},"message":"Firestore Emulator logging to \u001b[1mfirestore-debug.log\u001b[22m"}}
[info] +  firestore: Firestore Emulator UI websocket is running on 9150. {"metadata":{"emulator":{"name":"firestore"},"message":"Firestore Emulator UI websocket is running on 9150."}}
[debug] [2023-02-20T10:50:27.737Z] Ignoring unsupported arg: port {"metadata":{"emulator":{"name":"storage"},"message":"Ignoring unsupported arg: port"}}
[debug] [2023-02-20T10:50:31.870Z] Temp file directory for storage emulator: C:\Users\ADMIN\AppData\Local\Temp/firebase/storage/blobs {"metadata":{"emulator":{"name":"storage"},"message":"Temp file directory for storage emulator: C:\\Users\\ADMIN\\AppData\\Local\\Temp/firebase/storage/blobs"}}
[debug] [2023-02-20T10:50:31.931Z] Ignoring unsupported arg: auto_download {"metadata":{"emulator":{"name":"ui"},"message":"Ignoring unsupported arg: auto_download"}}
[debug] [2023-02-20T10:50:31.932Z] Ignoring unsupported arg: port {"metadata":{"emulator":{"name":"ui"},"message":"Ignoring unsupported arg: port"}}
[debug] [2023-02-20T10:50:31.932Z] Starting Emulator UI with command {"binary":"node","args":["C:\\Users\\ADMIN\\.cache\\firebase\\emulators\\ui-v1.11.4\\server\\server.js"],"optionalArgs":[],"joinArgs":false} {"metadata":{"emulator":{"name":"ui"},"message":"Starting Emulator UI with command {\"binary\":\"node\",\"args\":[\"C:\\\\Users\\\\ADMIN\\\\.cache\\\\firebase\\\\emulators\\\\ui-v1.11.4\\\\server\\\\server.js\"],\"optionalArgs\":[],\"joinArgs\":false}"}}
[info] i  ui: Emulator UI logging to ui-debug.log {"metadata":{"emulator":{"name":"ui"},"message":"Emulator UI logging to \u001b[1mui-debug.log\u001b[22m"}}
[debug] [2023-02-20T10:50:32.627Z] Web / API server started at 127.0.0.1:4000
 {"metadata":{"emulator":{"name":"ui"},"message":"Web / API server started at 127.0.0.1:4000\n"}}
[debug] [2023-02-20T10:50:32.629Z] Web / API server started at ::1:4000
 {"metadata":{"emulator":{"name":"ui"},"message":"Web / API server started at ::1:4000\n"}}
[info] 
┌─────────────────────────────────────────────────────────────┐
│ ✔  All emulators ready! It is now safe to connect your app. │
│ i  View Emulator UI at http://127.0.0.1:4000/               │
└─────────────────────────────────────────────────────────────┘

┌────────────────┬────────────────┬─────────────────────────────────┐
│ Emulator       │ Host:Port      │ View in Emulator UI             │
├────────────────┼────────────────┼─────────────────────────────────┤
│ Authentication │ 127.0.0.1:9099 │ http://127.0.0.1:4000/auth      │
├────────────────┼────────────────┼─────────────────────────────────┤
│ Firestore      │ 127.0.0.1:8080 │ http://127.0.0.1:4000/firestore │
├────────────────┼────────────────┼─────────────────────────────────┤
│ Storage        │ 127.0.0.1:9199 │ http://127.0.0.1:4000/storage   │
└────────────────┴────────────────┴─────────────────────────────────┘
  Emulator Hub running at 127.0.0.1:4400
  Other reserved ports: 4500, 9150

Issues? Report them at https://github.com/firebase/firebase-tools/issues and attach the *-debug.log files.
 
[debug] [2023-02-20T11:39:48.664Z] > refreshing access token with scopes: []
[debug] [2023-02-20T11:39:48.682Z] >>> [apiv2][query] POST https://www.googleapis.com/oauth2/v3/token [none]
[debug] [2023-02-20T11:39:48.686Z] >>> [apiv2][body] POST https://www.googleapis.com/oauth2/v3/token [omitted]
[debug] [2023-02-20T11:39:49.018Z] <<< [apiv2][status] POST https://www.googleapis.com/oauth2/v3/token 200
[debug] [2023-02-20T11:39:49.019Z] <<< [apiv2][body] POST https://www.googleapis.com/oauth2/v3/token [omitted]
[debug] [2023-02-20T11:39:49.104Z] >>> [apiv2][query] GET https://firebase.googleapis.com/v1beta1/projects/chat-app-97f7e/adminSdkConfig [none]
[debug] [2023-02-20T11:39:49.575Z] <<< [apiv2][status] GET https://firebase.googleapis.com/v1beta1/projects/chat-app-97f7e/adminSdkConfig 200
[debug] [2023-02-20T11:39:49.576Z] <<< [apiv2][body] GET https://firebase.googleapis.com/v1beta1/projects/chat-app-97f7e/adminSdkConfig {"projectId":"chat-app-97f7e","storageBucket":"chat-app-97f7e.appspot.com","locationId":"asia-southeast2"}
[warn] !  firestore: Fatal error occurred: 
   Firestore Emulator has exited with code: 3221225786, 
   stopping all running emulators {"metadata":{"emulator":{"name":"firestore"},"message":"Fatal error occurred: \n   Firestore Emulator has exited with code: 3221225786, \n   stopping all running emulators"}}
[info] i  ui: Stopping Emulator UI {"metadata":{"emulator":{"name":"ui"},"message":"Stopping Emulator UI"}}
[warn] !  Emulator UI has exited upon receiving signal: SIGINT 
[info] i  firestore: Stopping Firestore Emulator {"metadata":{"emulator":{"name":"firestore"},"message":"Stopping Firestore Emulator"}}
[error] 
[error] Error: Storage Emulator Rules runtime exited unexpectedly.
[debug] [2023-02-20T15:07:00.494Z] Error: write EPIPE
    at afterWriteDispatched (node:internal/stream_base_commons:164:15)
    at writeGeneric (node:internal/stream_base_commons:155:3)
    at WriteStream.Socket._writeGeneric (node:net:795:11)
    at WriteStream.Socket._write (node:net:807:8)
    at writeOrBuffer (node:internal/streams/writable:389:12)
    at _write (node:internal/streams/writable:330:10)
    at WriteStream.Writable.write (node:internal/streams/writable:334:10)
    at Console.log (C:\Users\ADMIN\AppData\Local\Yarn\Data\global\node_modules\winston\lib\winston\transports\console.js:79:23)
    at Console._write (C:\Users\ADMIN\AppData\Local\Yarn\Data\global\node_modules\winston-transport\index.js:103:17)
    at doWrite (C:\Users\ADMIN\AppData\Local\Yarn\Data\global\node_modules\readable-stream\lib\_stream_writable.js:409:139)
    at writeOrBuffer (C:\Users\ADMIN\AppData\Local\Yarn\Data\global\node_modules\readable-stream\lib\_stream_writable.js:398:5)
    at Console.Writable.write (C:\Users\ADMIN\AppData\Local\Yarn\Data\global\node_modules\readable-stream\lib\_stream_writable.js:307:11)
    at DerivedLogger.ondata (C:\Users\ADMIN\AppData\Local\Yarn\Data\global\node_modules\readable-stream\lib\_stream_readable.js:681:20)
    at DerivedLogger.emit (node:events:402:35)
    at DerivedLogger.emit (node:domain:475:12)
    at addChunk (C:\Users\ADMIN\AppData\Local\Yarn\Data\global\node_modules\readable-stream\lib\_stream_readable.js:298:12)
[error] 
[error] Error: An unexpected error has occurred.
[debug] [2023-02-20T15:07:00.500Z] Error: write EPIPE
    at afterWriteDispatched (node:internal/stream_base_commons:164:15)
    at writeGeneric (node:internal/stream_base_commons:155:3)
    at WriteStream.Socket._writeGeneric (node:net:795:11)
    at WriteStream.Socket._write (node:net:807:8)
    at writeOrBuffer (node:internal/streams/writable:389:12)
    at _write (node:internal/streams/writable:330:10)
    at WriteStream.Writable.write (node:internal/streams/writable:334:10)
    at Console.log (C:\Users\ADMIN\AppData\Local\Yarn\Data\global\node_modules\winston\lib\winston\transports\console.js:79:23)
    at Console._write (C:\Users\ADMIN\AppData\Local\Yarn\Data\global\node_modules\winston-transport\index.js:103:17)
    at doWrite (C:\Users\ADMIN\AppData\Local\Yarn\Data\global\node_modules\readable-stream\lib\_stream_writable.js:409:139)
    at writeOrBuffer (C:\Users\ADMIN\AppData\Local\Yarn\Data\global\node_modules\readable-stream\lib\_stream_writable.js:398:5)
    at Console.Writable.write (C:\Users\ADMIN\AppData\Local\Yarn\Data\global\node_modules\readable-stream\lib\_stream_writable.js:307:11)
    at DerivedLogger.ondata (C:\Users\ADMIN\AppData\Local\Yarn\Data\global\node_modules\readable-stream\lib\_stream_readable.js:681:20)
    at DerivedLogger.emit (node:events:402:35)
    at DerivedLogger.emit (node:domain:475:12)
    at addChunk (C:\Users\ADMIN\AppData\Local\Yarn\Data\global\node_modules\readable-stream\lib\_stream_readable.js:298:12)
[error] 
[error] Error: An unexpected error has occurred.
[debug] [2023-02-20T15:07:00.518Z] Error: write EPIPE
    at afterWriteDispatched (node:internal/stream_base_commons:164:15)
    at writeGeneric (node:internal/stream_base_commons:155:3)
    at WriteStream.Socket._writeGeneric (node:net:795:11)
    at WriteStream.Socket._write (node:net:807:8)
    at writeOrBuffer (node:internal/streams/writable:389:12)
    at _write (node:internal/streams/writable:330:10)
    at WriteStream.Writable.write (node:internal/streams/writable:334:10)
    at Console.log (C:\Users\ADMIN\AppData\Local\Yarn\Data\global\node_modules\winston\lib\winston\transports\console.js:79:23)
    at Console._write (C:\Users\ADMIN\AppData\Local\Yarn\Data\global\node_modules\winston-transport\index.js:103:17)
    at doWrite (C:\Users\ADMIN\AppData\Local\Yarn\Data\global\node_modules\readable-stream\lib\_stream_writable.js:409:139)
    at writeOrBuffer (C:\Users\ADMIN\AppData\Local\Yarn\Data\global\node_modules\readable-stream\lib\_stream_writable.js:398:5)
    at Console.Writable.write (C:\Users\ADMIN\AppData\Local\Yarn\Data\global\node_modules\readable-stream\lib\_stream_writable.js:307:11)
    at DerivedLogger.ondata (C:\Users\ADMIN\AppData\Local\Yarn\Data\global\node_modules\readable-stream\lib\_stream_readable.js:681:20)
    at DerivedLogger.emit (node:events:402:35)
    at DerivedLogger.emit (node:domain:475:12)
    at addChunk (C:\Users\ADMIN\AppData\Local\Yarn\Data\global\node_modules\readable-stream\lib\_stream_readable.js:298:12)
[error] 
[error] Error: An unexpected error has occurred.
[debug] [2023-02-20T15:07:00.522Z] Error: write EPIPE
    at afterWriteDispatched (node:internal/stream_base_commons:164:15)
    at writeGeneric (node:internal/stream_base_commons:155:3)
    at WriteStream.Socket._writeGeneric (node:net:795:11)
    at WriteStream.Socket._write (node:net:807:8)
    at writeOrBuffer (node:internal/streams/writable:389:12)
    at _write (node:internal/streams/writable:330:10)
    at WriteStream.Writable.write (node:internal/streams/writable:334:10)
    at Console.log (C:\Users\ADMIN\AppData\Local\Yarn\Data\global\node_modules\winston\lib\winston\transports\console.js:79:23)
    at Console._write (C:\Users\ADMIN\AppData\Local\Yarn\Data\global\node_modules\winston-transport\index.js:103:17)
    at doWrite (C:\Users\ADMIN\AppData\Local\Yarn\Data\global\node_modules\readable-stream\lib\_stream_writable.js:409:139)
    at writeOrBuffer (C:\Users\ADMIN\AppData\Local\Yarn\Data\global\node_modules\readable-stream\lib\_stream_writable.js:398:5)
    at Console.Writable.write (C:\Users\ADMIN\AppData\Local\Yarn\Data\global\node_modules\readable-stream\lib\_stream_writable.js:307:11)
    at DerivedLogger.ondata (C:\Users\ADMIN\AppData\Local\Yarn\Data\global\node_modules\readable-stream\lib\_stream_readable.js:681:20)
    at DerivedLogger.emit (node:events:402:35)
    at DerivedLogger.emit (node:domain:475:12)
    at addChunk (C:\Users\ADMIN\AppData\Local\Yarn\Data\global\node_modules\readable-stream\lib\_stream_readable.js:298:12)
[error] 
[error] Error: An unexpected error has occurred.
[debug] [2023-02-20T15:07:00.526Z] Error: write EPIPE
    at afterWriteDispatched (node:internal/stream_base_commons:164:15)
    at writeGeneric (node:internal/stream_base_commons:155:3)
    at WriteStream.Socket._writeGeneric (node:net:795:11)
    at WriteStream.Socket._write (node:net:807:8)
    at writeOrBuffer (node:internal/streams/writable:389:12)
    at _write (node:internal/streams/writable:330:10)
    at WriteStream.Writable.write (node:internal/streams/writable:334:10)
    at Console.log (C:\Users\ADMIN\AppData\Local\Yarn\Data\global\node_modules\winston\lib\winston\transports\console.js:79:23)
    at Console._write (C:\Users\ADMIN\AppData\Local\Yarn\Data\global\node_modules\winston-transport\index.js:103:17)
    at doWrite (C:\Users\ADMIN\AppData\Local\Yarn\Data\global\node_modules\readable-stream\lib\_stream_writable.js:409:139)
    at writeOrBuffer (C:\Users\ADMIN\AppData\Local\Yarn\Data\global\node_modules\readable-stream\lib\_stream_writable.js:398:5)
    at Console.Writable.write (C:\Users\ADMIN\AppData\Local\Yarn\Data\global\node_modules\readable-stream\lib\_stream_writable.js:307:11)
    at DerivedLogger.ondata (C:\Users\ADMIN\AppData\Local\Yarn\Data\global\node_modules\readable-stream\lib\_stream_readable.js:681:20)
    at DerivedLogger.emit (node:events:402:35)
    at DerivedLogger.emit (node:domain:475:12)
    at addChunk (C:\Users\ADMIN\AppData\Local\Yarn\Data\global\node_modules\readable-stream\lib\_stream_readable.js:298:12)
[error] 
[error] Error: An unexpected error has occurred.
[debug] [2023-02-20T15:07:00.530Z] Error: write EPIPE
    at afterWriteDispatched (node:internal/stream_base_commons:164:15)
    at writeGeneric (node:internal/stream_base_commons:155:3)
    at WriteStream.Socket._writeGeneric (node:net:795:11)
    at WriteStream.Socket._write (node:net:807:8)
    at writeOrBuffer (node:internal/streams/writable:389:12)
    at _write (node:internal/streams/writable:330:10)
    at WriteStream.Writable.write (node:internal/streams/writable:334:10)
    at Console.log (C:\Users\ADMIN\AppData\Local\Yarn\Data\global\node_modules\winston\lib\winston\transports\console.js:79:23)
    at Console._write (C:\Users\ADMIN\AppData\Local\Yarn\Data\global\node_modules\winston-transport\index.js:103:17)
    at doWrite (C:\Users\ADMIN\AppData\Local\Yarn\Data\global\node_modules\readable-stream\lib\_stream_writable.js:409:139)
    at writeOrBuffer (C:\Users\ADMIN\AppData\Local\Yarn\Data\global\node_modules\readable-stream\lib\_stream_writable.js:398:5)
    at Console.Writable.write (C:\Users\ADMIN\AppData\Local\Yarn\Data\global\node_modules\readable-stream\lib\_stream_writable.js:307:11)
    at DerivedLogger.ondata (C:\Users\ADMIN\AppData\Local\Yarn\Data\global\node_modules\readable-stream\lib\_stream_readable.js:681:20)
    at DerivedLogger.emit (node:events:402:35)
    at DerivedLogger.emit (node:domain:475:12)
    at addChunk (C:\Users\ADMIN\AppData\Local\Yarn\Data\global\node_modules\readable-stream\lib\_stream_readable.js:298:12)
[error] 
[error] Error: An unexpected error has occurred.
[debug] [2023-02-20T15:07:00.543Z] Error: write EPIPE
    at afterWriteDispatched (node:internal/stream_base_commons:164:15)
    at writeGeneric (node:internal/stream_base_commons:155:3)
    at WriteStream.Socket._writeGeneric (node:net:795:11)
    at WriteStream.Socket._write (node:net:807:8)
    at writeOrBuffer (node:internal/streams/writable:389:12)
    at _write (node:internal/streams/writable:330:10)
    at WriteStream.Writable.write (node:internal/streams/writable:334:10)
    at Console.log (C:\Users\ADMIN\AppData\Local\Yarn\Data\global\node_modules\winston\lib\winston\transports\console.js:79:23)
    at Console._write (C:\Users\ADMIN\AppData\Local\Yarn\Data\global\node_modules\winston-transport\index.js:103:17)
    at doWrite (C:\Users\ADMIN\AppData\Local\Yarn\Data\global\node_modules\readable-stream\lib\_stream_writable.js:409:139)
    at writeOrBuffer (C:\Users\ADMIN\AppData\Local\Yarn\Data\global\node_modules\readable-stream\lib\_stream_writable.js:398:5)
    at Console.Writable.write (C:\Users\ADMIN\AppData\Local\Yarn\Data\global\node_modules\readable-stream\lib\_stream_writable.js:307:11)
    at DerivedLogger.ondata (C:\Users\ADMIN\AppData\Local\Yarn\Data\global\node_modules\readable-stream\lib\_stream_readable.js:681:20)
    at DerivedLogger.emit (node:events:402:35)
    at DerivedLogger.emit (node:domain:475:12)
    at addChunk (C:\Users\ADMIN\AppData\Local\Yarn\Data\global\node_modules\readable-stream\lib\_stream_readable.js:298:12)
[error] 
[error] Error: An unexpected error has occurred.
[debug] [2023-02-20T15:07:00.550Z] Error: write EPIPE
    at afterWriteDispatched (node:internal/stream_base_commons:164:15)
    at writeGeneric (node:internal/stream_base_commons:155:3)
    at WriteStream.Socket._writeGeneric (node:net:795:11)
    at WriteStream.Socket._write (node:net:807:8)
    at writeOrBuffer (node:internal/streams/writable:389:12)
    at _write (node:internal/streams/writable:330:10)
    at WriteStream.Writable.write (node:internal/streams/writable:334:10)
    at Console.log (C:\Users\ADMIN\AppData\Local\Yarn\Data\global\node_modules\winston\lib\winston\transports\console.js:79:23)
    at Console._write (C:\Users\ADMIN\AppData\Local\Yarn\Data\global\node_modules\winston-transport\index.js:103:17)
    at doWrite (C:\Users\ADMIN\AppData\Local\Yarn\Data\global\node_modules\readable-stream\lib\_stream_writable.js:409:139)
    at writeOrBuffer (C:\Users\ADMIN\AppData\Local\Yarn\Data\global\node_modules\readable-stream\lib\_stream_writable.js:398:5)
    at Console.Writable.write (C:\Users\ADMIN\AppData\Local\Yarn\Data\global\node_modules\readable-stream\lib\_stream_writable.js:307:11)
    at DerivedLogger.ondata (C:\Users\ADMIN\AppData\Local\Yarn\Data\global\node_modules\readable-stream\lib\_stream_readable.js:681:20)
    at DerivedLogger.emit (node:events:402:35)
    at DerivedLogger.emit (node:domain:475:12)
    at addChunk (C:\Users\ADMIN\AppData\Local\Yarn\Data\global\node_modules\readable-stream\lib\_stream_readable.js:298:12)
[error] 
[error] Error: An unexpected error has occurred.
[debug] [2023-02-20T15:07:00.568Z] Error: write EPIPE
    at afterWriteDispatched (node:internal/stream_base_commons:164:15)
    at writeGeneric (node:internal/stream_base_commons:155:3)
    at WriteStream.Socket._writeGeneric (node:net:795:11)
    at WriteStream.Socket._write (node:net:807:8)
    at writeOrBuffer (node:internal/streams/writable:389:12)
    at _write (node:internal/streams/writable:330:10)
    at WriteStream.Writable.write (node:internal/streams/writable:334:10)
    at Console.log (C:\Users\ADMIN\AppData\Local\Yarn\Data\global\node_modules\winston\lib\winston\transports\console.js:79:23)
    at Console._write (C:\Users\ADMIN\AppData\Local\Yarn\Data\global\node_modules\winston-transport\index.js:103:17)
    at doWrite (C:\Users\ADMIN\AppData\Local\Yarn\Data\global\node_modules\readable-stream\lib\_stream_writable.js:409:139)
    at writeOrBuffer (C:\Users\ADMIN\AppData\Local\Yarn\Data\global\node_modules\readable-stream\lib\_stream_writable.js:398:5)
    at Console.Writable.write (C:\Users\ADMIN\AppData\Local\Yarn\Data\global\node_modules\readable-stream\lib\_stream_writable.js:307:11)
    at DerivedLogger.ondata (C:\Users\ADMIN\AppData\Local\Yarn\Data\global\node_modules\readable-stream\lib\_stream_readable.js:681:20)
    at DerivedLogger.emit (node:events:402:35)
    at DerivedLogger.emit (node:domain:475:12)
    at addChunk (C:\Users\ADMIN\AppData\Local\Yarn\Data\global\node_modules\readable-stream\lib\_stream_readable.js:298:12)
[error] 
[error] Error: An unexpected error has occurred.
[debug] [2023-02-20T15:07:00.576Z] Error: write EPIPE
    at afterWriteDispatched (node:internal/stream_base_commons:164:15)
    at writeGeneric (node:internal/stream_base_commons:155:3)
    at WriteStream.Socket._writeGeneric (node:net:795:11)
    at WriteStream.Socket._write (node:net:807:8)
    at writeOrBuffer (node:internal/streams/writable:389:12)
    at _write (node:internal/streams/writable:330:10)
    at WriteStream.Writable.write (node:internal/streams/writable:334:10)
    at Console.log (C:\Users\ADMIN\AppData\Local\Yarn\Data\global\node_modules\winston\lib\winston\transports\console.js:79:23)
    at Console._write (C:\Users\ADMIN\AppData\Local\Yarn\Data\global\node_modules\winston-transport\index.js:103:17)
    at doWrite (C:\Users\ADMIN\AppData\Local\Yarn\Data\global\node_modules\readable-stream\lib\_stream_writable.js:409:139)
    at writeOrBuffer (C:\Users\ADMIN\AppData\Local\Yarn\Data\global\node_modules\readable-stream\lib\_stream_writable.js:398:5)
    at Console.Writable.write (C:\Users\ADMIN\AppData\Local\Yarn\Data\global\node_modules\readable-stream\lib\_stream_writable.js:307:11)
    at DerivedLogger.ondata (C:\Users\ADMIN\AppData\Local\Yarn\Data\global\node_modules\readable-stream\lib\_stream_readable.js:681:20)
    at DerivedLogger.emit (node:events:402:35)
    at DerivedLogger.emit (node:domain:475:12)
    at addChunk (C:\Users\ADMIN\AppData\Local\Yarn\Data\global\node_modules\readable-stream\lib\_stream_readable.js:298:12)
[error] 
[error] Error: An unexpected error has occurred.
[debug] [2023-02-20T15:07:00.581Z] Error: write EPIPE
    at afterWriteDispatched (node:internal/stream_base_commons:164:15)
    at writeGeneric (node:internal/stream_base_commons:155:3)
    at WriteStream.Socket._writeGeneric (node:net:795:11)
    at WriteStream.Socket._write (node:net:807:8)
    at writeOrBuffer (node:internal/streams/writable:389:12)
    at _write (node:internal/streams/writable:330:10)
    at WriteStream.Writable.write (node:internal/streams/writable:334:10)
    at Console.log (C:\Users\ADMIN\AppData\Local\Yarn\Data\global\node_modules\winston\lib\winston\transports\console.js:79:23)
    at Console._write (C:\Users\ADMIN\AppData\Local\Yarn\Data\global\node_modules\winston-transport\index.js:103:17)
    at doWrite (C:\Users\ADMIN\AppData\Local\Yarn\Data\global\node_modules\readable-stream\lib\_stream_writable.js:409:139)
    at writeOrBuffer (C:\Users\ADMIN\AppData\Local\Yarn\Data\global\node_modules\readable-stream\lib\_stream_writable.js:398:5)
    at Console.Writable.write (C:\Users\ADMIN\AppData\Local\Yarn\Data\global\node_modules\readable-stream\lib\_stream_writable.js:307:11)
    at DerivedLogger.ondata (C:\Users\ADMIN\AppData\Local\Yarn\Data\global\node_modules\readable-stream\lib\_stream_readable.js:681:20)
    at DerivedLogger.emit (node:events:402:35)
    at DerivedLogger.emit (node:domain:475:12)
    at addChunk (C:\Users\ADMIN\AppData\Local\Yarn\Data\global\node_modules\readable-stream\lib\_stream_readable.js:298:12)
[debug] [2023-02-21T01:32:53.614Z] ----------------------------------------------------------------------
[debug] [2023-02-21T01:32:53.632Z] Command:       C:\Program Files\nodejs\node.exe C:\Users\ADMIN\AppData\Local\Yarn\Data\global\node_modules\firebase-tools\lib\bin\firebase.js emulators:start
[debug] [2023-02-21T01:32:53.635Z] CLI Version:   11.23.1
[debug] [2023-02-21T01:32:53.636Z] Platform:      win32
[debug] [2023-02-21T01:32:53.637Z] Node Version:  v16.13.2
[debug] [2023-02-21T01:32:53.655Z] Time:          Tue Feb 21 2023 08:32:53 GMT+0700 (Indochina Time)
[debug] [2023-02-21T01:32:53.657Z] ----------------------------------------------------------------------
[debug] 
[debug] [2023-02-21T01:32:54.585Z] > command requires scopes: ["email","openid","https://www.googleapis.com/auth/cloudplatformprojects.readonly","https://www.googleapis.com/auth/firebase","https://www.googleapis.com/auth/cloud-platform"]
[debug] [2023-02-21T01:32:54.588Z] > authorizing via signed-in user (hgqbinh2002@gmail.com)
[debug] [2023-02-21T01:32:55.982Z] java version "19.0.2" 2023-01-17

[debug] [2023-02-21T01:32:55.987Z] Java(TM) SE Runtime Environment (build 19.0.2+7-44)
Java HotSpot(TM) 64-Bit Server VM (build 19.0.2+7-44, mixed mode, sharing)

[debug] [2023-02-21T01:32:56.142Z] Parsed Java major version: 19
[info] i  emulators: Starting emulators: auth, firestore, storage {"metadata":{"emulator":{"name":"hub"},"message":"Starting emulators: auth, firestore, storage"}}
[debug] [2023-02-21T01:32:56.331Z] [logging] Logging Emulator only supports listening on one address (127.0.0.1). Not listening on ::1
[debug] [2023-02-21T01:32:56.332Z] [auth] Authentication Emulator only supports listening on one address (127.0.0.1). Not listening on ::1
[debug] [2023-02-21T01:32:56.333Z] [firestore] Firestore Emulator only supports listening on one address (127.0.0.1). Not listening on ::1
[debug] [2023-02-21T01:32:56.333Z] [firestore.websocket] websocket server for firestore only supports listening on one address (127.0.0.1). Not listening on ::1
[debug] [2023-02-21T01:32:56.334Z] [storage] Storage Emulator only supports listening on one address (127.0.0.1). Not listening on ::1
[debug] [2023-02-21T01:32:56.336Z] assigned listening specs for emulators {"user":{"hub":[{"address":"127.0.0.1","family":"IPv4","port":4400},{"address":"::1","family":"IPv6","port":4400}],"ui":[{"address":"127.0.0.1","family":"IPv4","port":4000},{"address":"::1","family":"IPv6","port":4000}],"logging":[{"address":"127.0.0.1","family":"IPv4","port":4500}],"auth":[{"address":"127.0.0.1","family":"IPv4","port":9099}],"firestore":[{"address":"127.0.0.1","family":"IPv4","port":8080}],"firestore.websocket":[{"address":"127.0.0.1","family":"IPv4","port":9150}],"storage":[{"address":"127.0.0.1","family":"IPv4","port":9199}]},"metadata":{"message":"assigned listening specs for emulators"}}
[warn] !  emulators: It seems that you are running multiple instances of the emulator suite for project chat-app-97f7e. This may result in unexpected behavior. 
[debug] [2023-02-21T01:32:56.394Z] [hub] writing locator at C:\Users\ADMIN\AppData\Local\Temp\hub-chat-app-97f7e.json
[debug] [2023-02-21T01:32:56.542Z] Ignoring unsupported arg: auto_download {"metadata":{"emulator":{"name":"firestore"},"message":"Ignoring unsupported arg: auto_download"}}
[debug] [2023-02-21T01:32:56.543Z] Ignoring unsupported arg: single_project_mode_error {"metadata":{"emulator":{"name":"firestore"},"message":"Ignoring unsupported arg: single_project_mode_error"}}
[debug] [2023-02-21T01:32:56.544Z] Starting Firestore Emulator with command {"binary":"java","args":["-Dgoogle.cloud_firestore.debug_log_level=FINE","-Duser.language=en","-jar","C:\\Users\\ADMIN\\.cache\\firebase\\emulators\\cloud-firestore-emulator-v1.16.0.jar","--host","127.0.0.1","--port",8080,"--websocket_port",9150,"--project_id","chat-app-97f7e","--rules","C:\\cua-Binh\\webpages\\chat-app\\firestore.rules","--single_project_mode",true],"optionalArgs":["port","webchannel_port","host","rules","websocket_port","functions_emulator","seed_from_export","project_id","single_project_mode"],"joinArgs":false} {"metadata":{"emulator":{"name":"firestore"},"message":"Starting Firestore Emulator with command {\"binary\":\"java\",\"args\":[\"-Dgoogle.cloud_firestore.debug_log_level=FINE\",\"-Duser.language=en\",\"-jar\",\"C:\\\\Users\\\\ADMIN\\\\.cache\\\\firebase\\\\emulators\\\\cloud-firestore-emulator-v1.16.0.jar\",\"--host\",\"127.0.0.1\",\"--port\",8080,\"--websocket_port\",9150,\"--project_id\",\"chat-app-97f7e\",\"--rules\",\"C:\\\\cua-Binh\\\\webpages\\\\chat-app\\\\firestore.rules\",\"--single_project_mode\",true],\"optionalArgs\":[\"port\",\"webchannel_port\",\"host\",\"rules\",\"websocket_port\",\"functions_emulator\",\"seed_from_export\",\"project_id\",\"single_project_mode\"],\"joinArgs\":false}"}}
[info] i  firestore: Firestore Emulator logging to firestore-debug.log {"metadata":{"emulator":{"name":"firestore"},"message":"Firestore Emulator logging to \u001b[1mfirestore-debug.log\u001b[22m"}}
[info] +  firestore: Firestore Emulator UI websocket is running on 9150. {"metadata":{"emulator":{"name":"firestore"},"message":"Firestore Emulator UI websocket is running on 9150."}}
[debug] [2023-02-21T01:33:45.812Z] Ignoring unsupported arg: port {"metadata":{"emulator":{"name":"storage"},"message":"Ignoring unsupported arg: port"}}
[debug] [2023-02-21T01:33:50.648Z] Temp file directory for storage emulator: C:\Users\ADMIN\AppData\Local\Temp/firebase/storage/blobs {"metadata":{"emulator":{"name":"storage"},"message":"Temp file directory for storage emulator: C:\\Users\\ADMIN\\AppData\\Local\\Temp/firebase/storage/blobs"}}
[debug] [2023-02-21T01:33:50.695Z] Ignoring unsupported arg: auto_download {"metadata":{"emulator":{"name":"ui"},"message":"Ignoring unsupported arg: auto_download"}}
[debug] [2023-02-21T01:33:50.696Z] Ignoring unsupported arg: port {"metadata":{"emulator":{"name":"ui"},"message":"Ignoring unsupported arg: port"}}
[debug] [2023-02-21T01:33:50.696Z] Starting Emulator UI with command {"binary":"node","args":["C:\\Users\\ADMIN\\.cache\\firebase\\emulators\\ui-v1.11.4\\server\\server.js"],"optionalArgs":[],"joinArgs":false} {"metadata":{"emulator":{"name":"ui"},"message":"Starting Emulator UI with command {\"binary\":\"node\",\"args\":[\"C:\\\\Users\\\\ADMIN\\\\.cache\\\\firebase\\\\emulators\\\\ui-v1.11.4\\\\server\\\\server.js\"],\"optionalArgs\":[],\"joinArgs\":false}"}}
[info] i  ui: Emulator UI logging to ui-debug.log {"metadata":{"emulator":{"name":"ui"},"message":"Emulator UI logging to \u001b[1mui-debug.log\u001b[22m"}}
[debug] [2023-02-21T01:33:51.409Z] Web / API server started at 127.0.0.1:4000
 {"metadata":{"emulator":{"name":"ui"},"message":"Web / API server started at 127.0.0.1:4000\n"}}
[debug] [2023-02-21T01:33:51.411Z] Web / API server started at ::1:4000
 {"metadata":{"emulator":{"name":"ui"},"message":"Web / API server started at ::1:4000\n"}}
[info] 
┌─────────────────────────────────────────────────────────────┐
│ ✔  All emulators ready! It is now safe to connect your app. │
│ i  View Emulator UI at http://127.0.0.1:4000/               │
└─────────────────────────────────────────────────────────────┘

┌────────────────┬────────────────┬─────────────────────────────────┐
│ Emulator       │ Host:Port      │ View in Emulator UI             │
├────────────────┼────────────────┼─────────────────────────────────┤
│ Authentication │ 127.0.0.1:9099 │ http://127.0.0.1:4000/auth      │
├────────────────┼────────────────┼─────────────────────────────────┤
│ Firestore      │ 127.0.0.1:8080 │ http://127.0.0.1:4000/firestore │
├────────────────┼────────────────┼─────────────────────────────────┤
│ Storage        │ 127.0.0.1:9199 │ http://127.0.0.1:4000/storage   │
└────────────────┴────────────────┴─────────────────────────────────┘
  Emulator Hub running at 127.0.0.1:4400
  Other reserved ports: 4500, 9150

Issues? Report them at https://github.com/firebase/firebase-tools/issues and attach the *-debug.log files.
 
[debug] [2023-02-21T01:37:09.181Z] > refreshing access token with scopes: []
[debug] [2023-02-21T01:37:09.188Z] >>> [apiv2][query] POST https://www.googleapis.com/oauth2/v3/token [none]
[debug] [2023-02-21T01:37:09.189Z] >>> [apiv2][body] POST https://www.googleapis.com/oauth2/v3/token [omitted]
[debug] [2023-02-21T01:37:09.487Z] <<< [apiv2][status] POST https://www.googleapis.com/oauth2/v3/token 200
[debug] [2023-02-21T01:37:09.488Z] <<< [apiv2][body] POST https://www.googleapis.com/oauth2/v3/token [omitted]
[debug] [2023-02-21T01:37:09.521Z] >>> [apiv2][query] GET https://firebase.googleapis.com/v1beta1/projects/chat-app-97f7e/adminSdkConfig [none]
[debug] [2023-02-21T01:37:10.435Z] <<< [apiv2][status] GET https://firebase.googleapis.com/v1beta1/projects/chat-app-97f7e/adminSdkConfig 200
[debug] [2023-02-21T01:37:10.436Z] <<< [apiv2][body] GET https://firebase.googleapis.com/v1beta1/projects/chat-app-97f7e/adminSdkConfig {"projectId":"chat-app-97f7e","storageBucket":"chat-app-97f7e.appspot.com","locationId":"asia-southeast2"}
[debug] [2023-02-22T07:30:26.330Z] ----------------------------------------------------------------------
[debug] [2023-02-22T07:30:26.339Z] Command:       C:\Program Files\nodejs\node.exe C:\Users\ADMIN\AppData\Local\Yarn\Data\global\node_modules\firebase-tools\lib\bin\firebase.js emulators:start
[debug] [2023-02-22T07:30:26.341Z] CLI Version:   11.23.1
[debug] [2023-02-22T07:30:26.342Z] Platform:      win32
[debug] [2023-02-22T07:30:26.343Z] Node Version:  v16.13.2
[debug] [2023-02-22T07:30:26.360Z] Time:          Wed Feb 22 2023 14:30:26 GMT+0700 (Indochina Time)
[debug] [2023-02-22T07:30:26.361Z] ----------------------------------------------------------------------
[debug] 
[debug] [2023-02-22T07:30:26.387Z] >>> [apiv2][query] GET https://firebase-public.firebaseio.com/cli.json [none]
[debug] [2023-02-22T07:30:27.168Z] > command requires scopes: ["email","openid","https://www.googleapis.com/auth/cloudplatformprojects.readonly","https://www.googleapis.com/auth/firebase","https://www.googleapis.com/auth/cloud-platform"]
[debug] [2023-02-22T07:30:27.170Z] > authorizing via signed-in user (hgqbinh2002@gmail.com)
[debug] [2023-02-22T07:30:27.921Z] <<< [apiv2][status] GET https://firebase-public.firebaseio.com/cli.json 200
[debug] [2023-02-22T07:30:27.922Z] <<< [apiv2][body] GET https://firebase-public.firebaseio.com/cli.json {"cloudBuildErrorAfter":1594252800000,"cloudBuildWarnAfter":1590019200000,"defaultNode10After":1594252800000,"minVersion":"3.0.5","node8DeploysDisabledAfter":1613390400000,"node8RuntimeDisabledAfter":1615809600000,"node8WarnAfter":1600128000000}
[debug] [2023-02-22T07:30:28.718Z] java version "19.0.2" 2023-01-17

[debug] [2023-02-22T07:30:28.719Z] Java(TM) SE Runtime Environment (build 19.0.2+7-44)
Java HotSpot(TM) 64-Bit Server VM (build 19.0.2+7-44, mixed mode, sharing)

[debug] [2023-02-22T07:30:28.967Z] Parsed Java major version: 19
[info] i  emulators: Starting emulators: auth, firestore, storage {"metadata":{"emulator":{"name":"hub"},"message":"Starting emulators: auth, firestore, storage"}}
[debug] [2023-02-22T07:30:29.094Z] [logging] Logging Emulator only supports listening on one address (127.0.0.1). Not listening on ::1
[debug] [2023-02-22T07:30:29.095Z] [auth] Authentication Emulator only supports listening on one address (127.0.0.1). Not listening on ::1
[debug] [2023-02-22T07:30:29.096Z] [firestore] Firestore Emulator only supports listening on one address (127.0.0.1). Not listening on ::1
[debug] [2023-02-22T07:30:29.096Z] [firestore.websocket] websocket server for firestore only supports listening on one address (127.0.0.1). Not listening on ::1
[debug] [2023-02-22T07:30:29.096Z] [storage] Storage Emulator only supports listening on one address (127.0.0.1). Not listening on ::1
[debug] [2023-02-22T07:30:29.097Z] assigned listening specs for emulators {"user":{"hub":[{"address":"127.0.0.1","family":"IPv4","port":4400},{"address":"::1","family":"IPv6","port":4400}],"ui":[{"address":"127.0.0.1","family":"IPv4","port":4000},{"address":"::1","family":"IPv6","port":4000}],"logging":[{"address":"127.0.0.1","family":"IPv4","port":4500}],"auth":[{"address":"127.0.0.1","family":"IPv4","port":9099}],"firestore":[{"address":"127.0.0.1","family":"IPv4","port":8080}],"firestore.websocket":[{"address":"127.0.0.1","family":"IPv4","port":9150}],"storage":[{"address":"127.0.0.1","family":"IPv4","port":9199}]},"metadata":{"message":"assigned listening specs for emulators"}}
[warn] !  emulators: It seems that you are running multiple instances of the emulator suite for project chat-app-97f7e. This may result in unexpected behavior. 
[debug] [2023-02-22T07:30:29.202Z] [hub] writing locator at C:\Users\ADMIN\AppData\Local\Temp\hub-chat-app-97f7e.json
[debug] [2023-02-22T07:30:29.328Z] Ignoring unsupported arg: auto_download {"metadata":{"emulator":{"name":"firestore"},"message":"Ignoring unsupported arg: auto_download"}}
[debug] [2023-02-22T07:30:29.329Z] Ignoring unsupported arg: single_project_mode_error {"metadata":{"emulator":{"name":"firestore"},"message":"Ignoring unsupported arg: single_project_mode_error"}}
[debug] [2023-02-22T07:30:29.329Z] Starting Firestore Emulator with command {"binary":"java","args":["-Dgoogle.cloud_firestore.debug_log_level=FINE","-Duser.language=en","-jar","C:\\Users\\ADMIN\\.cache\\firebase\\emulators\\cloud-firestore-emulator-v1.16.0.jar","--host","127.0.0.1","--port",8080,"--websocket_port",9150,"--project_id","chat-app-97f7e","--rules","C:\\cua-Binh\\webpages\\chat-app\\firestore.rules","--single_project_mode",true],"optionalArgs":["port","webchannel_port","host","rules","websocket_port","functions_emulator","seed_from_export","project_id","single_project_mode"],"joinArgs":false} {"metadata":{"emulator":{"name":"firestore"},"message":"Starting Firestore Emulator with command {\"binary\":\"java\",\"args\":[\"-Dgoogle.cloud_firestore.debug_log_level=FINE\",\"-Duser.language=en\",\"-jar\",\"C:\\\\Users\\\\ADMIN\\\\.cache\\\\firebase\\\\emulators\\\\cloud-firestore-emulator-v1.16.0.jar\",\"--host\",\"127.0.0.1\",\"--port\",8080,\"--websocket_port\",9150,\"--project_id\",\"chat-app-97f7e\",\"--rules\",\"C:\\\\cua-Binh\\\\webpages\\\\chat-app\\\\firestore.rules\",\"--single_project_mode\",true],\"optionalArgs\":[\"port\",\"webchannel_port\",\"host\",\"rules\",\"websocket_port\",\"functions_emulator\",\"seed_from_export\",\"project_id\",\"single_project_mode\"],\"joinArgs\":false}"}}
[info] i  firestore: Firestore Emulator logging to firestore-debug.log {"metadata":{"emulator":{"name":"firestore"},"message":"Firestore Emulator logging to \u001b[1mfirestore-debug.log\u001b[22m"}}
[info] +  firestore: Firestore Emulator UI websocket is running on 9150. {"metadata":{"emulator":{"name":"firestore"},"message":"Firestore Emulator UI websocket is running on 9150."}}
[debug] [2023-02-22T07:31:28.668Z] Ignoring unsupported arg: port {"metadata":{"emulator":{"name":"storage"},"message":"Ignoring unsupported arg: port"}}
[debug] [2023-02-22T07:31:34.576Z] Temp file directory for storage emulator: C:\Users\ADMIN\AppData\Local\Temp/firebase/storage/blobs {"metadata":{"emulator":{"name":"storage"},"message":"Temp file directory for storage emulator: C:\\Users\\ADMIN\\AppData\\Local\\Temp/firebase/storage/blobs"}}
[debug] [2023-02-22T07:31:34.637Z] Ignoring unsupported arg: auto_download {"metadata":{"emulator":{"name":"ui"},"message":"Ignoring unsupported arg: auto_download"}}
[debug] [2023-02-22T07:31:34.637Z] Ignoring unsupported arg: port {"metadata":{"emulator":{"name":"ui"},"message":"Ignoring unsupported arg: port"}}
[debug] [2023-02-22T07:31:34.638Z] Starting Emulator UI with command {"binary":"node","args":["C:\\Users\\ADMIN\\.cache\\firebase\\emulators\\ui-v1.11.4\\server\\server.js"],"optionalArgs":[],"joinArgs":false} {"metadata":{"emulator":{"name":"ui"},"message":"Starting Emulator UI with command {\"binary\":\"node\",\"args\":[\"C:\\\\Users\\\\ADMIN\\\\.cache\\\\firebase\\\\emulators\\\\ui-v1.11.4\\\\server\\\\server.js\"],\"optionalArgs\":[],\"joinArgs\":false}"}}
[info] i  ui: Emulator UI logging to ui-debug.log {"metadata":{"emulator":{"name":"ui"},"message":"Emulator UI logging to \u001b[1mui-debug.log\u001b[22m"}}
[debug] [2023-02-22T07:31:35.353Z] Web / API server started at 127.0.0.1:4000
 {"metadata":{"emulator":{"name":"ui"},"message":"Web / API server started at 127.0.0.1:4000\n"}}
[debug] [2023-02-22T07:31:35.355Z] Web / API server started at ::1:4000
 {"metadata":{"emulator":{"name":"ui"},"message":"Web / API server started at ::1:4000\n"}}
[info] 
┌─────────────────────────────────────────────────────────────┐
│ ✔  All emulators ready! It is now safe to connect your app. │
│ i  View Emulator UI at http://127.0.0.1:4000/               │
└─────────────────────────────────────────────────────────────┘

┌────────────────┬────────────────┬─────────────────────────────────┐
│ Emulator       │ Host:Port      │ View in Emulator UI             │
├────────────────┼────────────────┼─────────────────────────────────┤
│ Authentication │ 127.0.0.1:9099 │ http://127.0.0.1:4000/auth      │
├────────────────┼────────────────┼─────────────────────────────────┤
│ Firestore      │ 127.0.0.1:8080 │ http://127.0.0.1:4000/firestore │
├────────────────┼────────────────┼─────────────────────────────────┤
│ Storage        │ 127.0.0.1:9199 │ http://127.0.0.1:4000/storage   │
└────────────────┴────────────────┴─────────────────────────────────┘
  Emulator Hub running at 127.0.0.1:4400
  Other reserved ports: 4500, 9150

Issues? Report them at https://github.com/firebase/firebase-tools/issues and attach the *-debug.log files.
 
